<?xml version="1.0" encoding="UTF-8"?>
<testng-results skipped="0" failed="0" ignored="0" total="1" passed="1">
  <reporter-output>
  </reporter-output>
  <suite name="Default suite" duration-ms="19201" started-at="2018-09-08T10:47:10Z" finished-at="2018-09-08T10:47:29Z">
    <groups>
    </groups>
    <test name="Default test" duration-ms="19201" started-at="2018-09-08T10:47:10Z" finished-at="2018-09-08T10:47:29Z">
      <class name="com.accenture.tests.Demo07_DatadrivenTest">
        <test-method status="PASS" signature="beforeTest()[pri:0, instance:com.accenture.tests.Demo07_DatadrivenTest@50d0686]" name="beforeTest" is-config="true" duration-ms="5290" started-at="2018-09-08T10:47:10Z" finished-at="2018-09-08T10:47:15Z">
          <reporter-output>
          </reporter-output>
        </test-method> <!-- beforeTest -->
        <test-method status="PASS" signature="datExcel()[pri:0, instance:com.accenture.tests.Demo07_DatadrivenTest@50d0686]" name="datExcel" duration-ms="13883" started-at="2018-09-08T10:47:15Z" finished-at="2018-09-08T10:47:29Z">
          <reporter-output>
          </reporter-output>
        </test-method> <!-- datExcel -->
      </class> <!-- com.accenture.tests.Demo07_DatadrivenTest -->
    </test> <!-- Default test -->
  </suite> <!-- Default suite -->
</testng-results>
